Performing C++ SOURCE FILE Test CMAKE_HAVE_LIBC_PTHREAD failed with the following output:
Change Dir: /home/nico/Soundboard/build/CMakeFiles/CMakeTmp

Run Build Command(s):/usr/bin/make cmTC_f1b04/fast && /usr/bin/make -f CMakeFiles/cmTC_f1b04.dir/build.make CMakeFiles/cmTC_f1b04.dir/build
make[1]: Entering directory '/home/nico/Soundboard/build/CMakeFiles/CMakeTmp'
Building CXX object CMakeFiles/cmTC_f1b04.dir/src.cxx.o
/usr/bin/c++    -DCMAKE_HAVE_LIBC_PTHREAD   -o CMakeFiles/cmTC_f1b04.dir/src.cxx.o -c /home/nico/Soundboard/build/CMakeFiles/CMakeTmp/src.cxx
Linking CXX executable cmTC_f1b04
/usr/bin/cmake -E cmake_link_script CMakeFiles/cmTC_f1b04.dir/link.txt --verbose=1
/usr/bin/c++   -DCMAKE_HAVE_LIBC_PTHREAD    CMakeFiles/cmTC_f1b04.dir/src.cxx.o  -o cmTC_f1b04 
/usr/bin/ld: CMakeFiles/cmTC_f1b04.dir/src.cxx.o: in function `main':
src.cxx:(.text+0x3e): undefined reference to `pthread_create'
/usr/bin/ld: src.cxx:(.text+0x4a): undefined reference to `pthread_detach'
/usr/bin/ld: src.cxx:(.text+0x5b): undefined reference to `pthread_join'
collect2: error: ld returned 1 exit status
make[1]: *** [CMakeFiles/cmTC_f1b04.dir/build.make:87: cmTC_f1b04] Error 1
make[1]: Leaving directory '/home/nico/Soundboard/build/CMakeFiles/CMakeTmp'
make: *** [Makefile:121: cmTC_f1b04/fast] Error 2


Source file was:
#include <pthread.h>

void* test_func(void* data)
{
  return data;
}

int main(void)
{
  pthread_t thread;
  pthread_create(&thread, NULL, test_func, NULL);
  pthread_detach(thread);
  pthread_join(thread, NULL);
  pthread_atfork(NULL, NULL, NULL);
  pthread_exit(NULL);

  return 0;
}

Determining if the function pthread_create exists in the pthreads failed with the following output:
Change Dir: /home/nico/Soundboard/build/CMakeFiles/CMakeTmp

Run Build Command(s):/usr/bin/make cmTC_96027/fast && /usr/bin/make -f CMakeFiles/cmTC_96027.dir/build.make CMakeFiles/cmTC_96027.dir/build
make[1]: Entering directory '/home/nico/Soundboard/build/CMakeFiles/CMakeTmp'
Building CXX object CMakeFiles/cmTC_96027.dir/CheckFunctionExists.cxx.o
/usr/bin/c++    -DCHECK_FUNCTION_EXISTS=pthread_create   -o CMakeFiles/cmTC_96027.dir/CheckFunctionExists.cxx.o -c /home/nico/Soundboard/build/CMakeFiles/CheckLibraryExists/CheckFunctionExists.cxx
Linking CXX executable cmTC_96027
/usr/bin/cmake -E cmake_link_script CMakeFiles/cmTC_96027.dir/link.txt --verbose=1
/usr/bin/c++   -DCHECK_FUNCTION_EXISTS=pthread_create    CMakeFiles/cmTC_96027.dir/CheckFunctionExists.cxx.o  -o cmTC_96027 -lpthreads 
/usr/bin/ld: cannot find -lpthreads
collect2: error: ld returned 1 exit status
make[1]: *** [CMakeFiles/cmTC_96027.dir/build.make:87: cmTC_96027] Error 1
make[1]: Leaving directory '/home/nico/Soundboard/build/CMakeFiles/CMakeTmp'
make: *** [Makefile:121: cmTC_96027/fast] Error 2



